TID: [0] [] [2014-09-24 09:33:51,267]  INFO {org.wso2.carbon.core.internal.CarbonCoreActivator} -  Starting WSO2 Carbon... {org.wso2.carbon.core.internal.CarbonCoreActivator}
TID: [0] [] [2014-09-24 09:33:51,312]  INFO {org.wso2.carbon.core.internal.CarbonCoreActivator} -  Operating System : Windows 8 6.2, amd64 {org.wso2.carbon.core.internal.CarbonCoreActivator}
TID: [0] [] [2014-09-24 09:33:51,312]  INFO {org.wso2.carbon.core.internal.CarbonCoreActivator} -  Java Home        : C:\Program Files\Java\jdk1.7.0_51\jre {org.wso2.carbon.core.internal.CarbonCoreActivator}
TID: [0] [] [2014-09-24 09:33:51,312]  INFO {org.wso2.carbon.core.internal.CarbonCoreActivator} -  Java Version     : 1.7.0_51 {org.wso2.carbon.core.internal.CarbonCoreActivator}
TID: [0] [] [2014-09-24 09:33:51,313]  INFO {org.wso2.carbon.core.internal.CarbonCoreActivator} -  Java VM          : Java HotSpot(TM) 64-Bit Server VM 24.51-b03,Oracle Corporation {org.wso2.carbon.core.internal.CarbonCoreActivator}
TID: [0] [] [2014-09-24 09:33:51,313]  INFO {org.wso2.carbon.core.internal.CarbonCoreActivator} -  Carbon Home      : E:\ues2\bin\.. {org.wso2.carbon.core.internal.CarbonCoreActivator}
TID: [0] [] [2014-09-24 09:33:51,313]  INFO {org.wso2.carbon.core.internal.CarbonCoreActivator} -  Java Temp Dir    : E:\ues2\bin\..\tmp {org.wso2.carbon.core.internal.CarbonCoreActivator}
TID: [0] [] [2014-09-24 09:33:51,314]  INFO {org.wso2.carbon.core.internal.CarbonCoreActivator} -  User             : User, en-US, Asia/Colombo {org.wso2.carbon.core.internal.CarbonCoreActivator}
TID: [0] [] [2014-09-24 09:33:51,499]  WARN {org.wso2.carbon.core.bootup.validator.util.ValidationResultPrinter} -  The running OS : Windows 8 is not a tested Operating System for running WSO2 Carbon {org.wso2.carbon.core.bootup.validator.util.ValidationResultPrinter}
TID: [0] [] [2014-09-24 09:33:59,411]  INFO {org.wso2.carbon.registry.core.jdbc.EmbeddedRegistryService} -  Configured Registry in 264ms {org.wso2.carbon.registry.core.jdbc.EmbeddedRegistryService}
TID: [0] [] [2014-09-24 09:33:59,547]  INFO {org.wso2.carbon.registry.core.internal.RegistryCoreServiceComponent} -  Registry Mode    : READ-WRITE {org.wso2.carbon.registry.core.internal.RegistryCoreServiceComponent}
TID: [0] [] [2014-09-24 09:34:38,663]  INFO {org.apache.axis2.deployment.ClusterBuilder} -  Clustering has been disabled {org.apache.axis2.deployment.ClusterBuilder}
TID: [0] [] [2014-09-24 09:34:38,663]  INFO {org.apache.axis2.deployment.ClusterBuilder} -  Clustering has been disabled {org.apache.axis2.deployment.ClusterBuilder}
TID: [0] [] [2014-09-24 09:34:39,780]  INFO {org.apache.axis2.transport.tcp.TCPTransportSender} -  TCP Sender started {org.apache.axis2.transport.tcp.TCPTransportSender}
TID: [0] [] [2014-09-24 09:34:39,780]  INFO {org.apache.axis2.transport.tcp.TCPTransportSender} -  TCP Sender started {org.apache.axis2.transport.tcp.TCPTransportSender}
TID: [0] [] [2014-09-24 09:34:42,264]  INFO {org.wso2.carbon.core.deployment.DeploymentInterceptor} -  Deploying Axis2 service: echo {super-tenant} {org.wso2.carbon.core.deployment.DeploymentInterceptor}
TID: [0] [] [2014-09-24 09:34:42,774]  INFO {org.apache.axis2.deployment.DeploymentEngine} -  Deploying Web service: Echo.aar - file:/E:/ues2/bin/../repository/deployment/server/axis2services/Echo.aar {org.apache.axis2.deployment.DeploymentEngine}
TID: [0] [] [2014-09-24 09:34:42,774]  INFO {org.apache.axis2.deployment.DeploymentEngine} -  Deploying Web service: Echo.aar - file:/E:/ues2/bin/../repository/deployment/server/axis2services/Echo.aar {org.apache.axis2.deployment.DeploymentEngine}
TID: [0] [] [2014-09-24 09:34:43,030]  INFO {org.wso2.carbon.core.deployment.DeploymentInterceptor} -  Deploying Axis2 service: Version {super-tenant} {org.wso2.carbon.core.deployment.DeploymentInterceptor}
TID: [0] [] [2014-09-24 09:34:43,432]  INFO {org.apache.axis2.deployment.DeploymentEngine} -  Deploying Web service: Version.aar - file:/E:/ues2/bin/../repository/deployment/server/axis2services/Version.aar {org.apache.axis2.deployment.DeploymentEngine}
TID: [0] [] [2014-09-24 09:34:43,432]  INFO {org.apache.axis2.deployment.DeploymentEngine} -  Deploying Web service: Version.aar - file:/E:/ues2/bin/../repository/deployment/server/axis2services/Version.aar {org.apache.axis2.deployment.DeploymentEngine}
TID: [0] [] [2014-09-24 09:34:54,181]  INFO {org.apache.shiro.config.IniSecurityManagerFactory} -  Realms have been explicitly set on the SecurityManager instance - auto-setting of realms will not occur. {org.apache.shiro.config.IniSecurityManagerFactory}
TID: [0] [] [2014-09-24 09:34:54,181]  INFO {org.apache.shiro.config.IniSecurityManagerFactory} -  Realms have been explicitly set on the SecurityManager instance - auto-setting of realms will not occur. {org.apache.shiro.config.IniSecurityManagerFactory}
TID: [0] [] [2014-09-24 09:34:54,182]  INFO {org.apache.shiro.realm.AuthorizingRealm} -  No cache or cacheManager properties have been set.  Authorization cache cannot be obtained. {org.apache.shiro.realm.AuthorizingRealm}
TID: [0] [] [2014-09-24 09:34:54,182]  INFO {org.apache.shiro.realm.AuthorizingRealm} -  No cache or cacheManager properties have been set.  Authorization cache cannot be obtained. {org.apache.shiro.realm.AuthorizingRealm}
TID: [0] [] [2014-09-24 09:34:54,196]  INFO {org.wso2.carbon.webapp.mgt.TomcatGenericWebappsDeployer} -  Deployed webapp: StandardEngine[Catalina].StandardHost[localhost].StandardContext[/].File[E:\ues2\bin\..\repository\deployment\server\webapps\ROOT] {org.wso2.carbon.webapp.mgt.TomcatGenericWebappsDeployer}
TID: [0] [] [2014-09-24 09:34:57,993]  INFO {org.jaggeryjs.jaggery.app.mgt.TomcatJaggeryWebappsDeployer} -  Deployed webapp: StandardEngine[Catalina].StandardHost[localhost].StandardContext[/innovation-dashboard].File[E:\ues2\bin\..\repository\deployment\server\jaggeryapps\innovation-dashboard] {org.jaggeryjs.jaggery.app.mgt.TomcatJaggeryWebappsDeployer}
TID: [0] [] [2014-09-24 09:35:01,201]  INFO {portal.deployer} -  Default gadgets deployed {portal.deployer}
TID: [0] [] [2014-09-24 09:35:01,391]  INFO {portal.site.deployer} -  Default sites deployed {portal.site.deployer}
TID: [0] [] [2014-09-24 09:35:01,394]  INFO {org.jaggeryjs.jaggery.app.mgt.TomcatJaggeryWebappsDeployer} -  Deployed webapp: StandardEngine[Catalina].StandardHost[localhost].StandardContext[/portal].File[E:\ues2\bin\..\repository\deployment\server\jaggeryapps\portal] {org.jaggeryjs.jaggery.app.mgt.TomcatJaggeryWebappsDeployer}
TID: [0] [] [2014-09-24 09:35:01,824]  INFO {org.jaggeryjs.jaggery.app.mgt.TomcatJaggeryWebappsDeployer} -  Deployed webapp: StandardEngine[Catalina].StandardHost[localhost].StandardContext[/sso].File[E:\ues2\bin\..\repository\deployment\server\jaggeryapps\sso] {org.jaggeryjs.jaggery.app.mgt.TomcatJaggeryWebappsDeployer}
TID: [0] [] [2014-09-24 09:35:02,394]  INFO {org.jaggeryjs.jaggery.app.mgt.TomcatJaggeryWebappsDeployer} -  Deployed webapp: StandardEngine[Catalina].StandardHost[localhost].StandardContext[/store].File[E:\ues2\bin\..\repository\deployment\server\jaggeryapps\store] {org.jaggeryjs.jaggery.app.mgt.TomcatJaggeryWebappsDeployer}
TID: [0] [] [2014-09-24 09:35:02,928]  INFO {org.wso2.carbon.core.deployment.DeploymentInterceptor} -  Deploying Axis2 service: echo {super-tenant} {org.wso2.carbon.core.deployment.DeploymentInterceptor}
TID: [0] [] [2014-09-24 09:35:03,954]  INFO {org.wso2.carbon.core.deployment.DeploymentInterceptor} -  Deploying Axis2 service: Version {super-tenant} {org.wso2.carbon.core.deployment.DeploymentInterceptor}
TID: [0] [] [2014-09-24 09:35:05,123]  INFO {org.apache.axis2.deployment.ModuleDeployer} -  Deploying module: addressing-1.6.1-wso2v9 - file:/E:/ues2/bin/../repository/deployment/client/modules/addressing-1.6.1-wso2v9.mar {org.apache.axis2.deployment.ModuleDeployer}
TID: [0] [] [2014-09-24 09:35:05,123]  INFO {org.apache.axis2.deployment.ModuleDeployer} -  Deploying module: addressing-1.6.1-wso2v9 - file:/E:/ues2/bin/../repository/deployment/client/modules/addressing-1.6.1-wso2v9.mar {org.apache.axis2.deployment.ModuleDeployer}
TID: [0] [] [2014-09-24 09:35:05,129]  INFO {org.apache.axis2.transport.tcp.TCPTransportSender} -  TCP Sender started {org.apache.axis2.transport.tcp.TCPTransportSender}
TID: [0] [] [2014-09-24 09:35:05,129]  INFO {org.apache.axis2.transport.tcp.TCPTransportSender} -  TCP Sender started {org.apache.axis2.transport.tcp.TCPTransportSender}
TID: [0] [] [2014-09-24 09:35:06,277]  INFO {portal.site.deployer} -  UES Portal URL : http://localhost:9763/portal {portal.site.deployer}
TID: [0] [] [2014-09-24 09:35:06,619]  INFO {org.wso2.carbon.core.init.CarbonServerManager} -  Repository       : E:\ues2\bin\../repository/deployment/server/ {org.wso2.carbon.core.init.CarbonServerManager}
TID: [0] [] [2014-09-24 09:35:06,652]  INFO {org.wso2.carbon.core.internal.permission.update.PermissionUpdater} -  Permission cache updated for tenant -1234 {org.wso2.carbon.core.internal.permission.update.PermissionUpdater}
TID: [0] [] [2014-09-24 09:35:07,190]  INFO {org.wso2.carbon.core.transports.http.HttpsTransportListener} -  HTTPS port       : 9443 {org.wso2.carbon.core.transports.http.HttpsTransportListener}
TID: [0] [] [2014-09-24 09:35:07,191]  INFO {org.wso2.carbon.core.transports.http.HttpTransportListener} -  HTTP port        : 9763 {org.wso2.carbon.core.transports.http.HttpTransportListener}
TID: [0] [] [2014-09-24 09:35:07,783]  INFO {org.wso2.carbon.registry.eventing.internal.RegistryEventingServiceComponent} -  Successfully Initialized Eventing on Registry {org.wso2.carbon.registry.eventing.internal.RegistryEventingServiceComponent}
TID: [0] [] [2014-09-24 09:35:08,925]  INFO {org.wso2.carbon.core.init.JMXServerManager} -  JMX Service URL  : service:jmx:rmi://localhost:11111/jndi/rmi://localhost:9999/jmxrmi {org.wso2.carbon.core.init.JMXServerManager}
TID: [0] [] [2014-09-24 09:35:08,925]  INFO {org.wso2.carbon.core.internal.StartupFinalizerServiceComponent} -  Server           :  WSO2 User Engagement Server-1.0.0 {org.wso2.carbon.core.internal.StartupFinalizerServiceComponent}
TID: [0] [] [2014-09-24 09:35:08,926]  INFO {org.wso2.carbon.core.internal.StartupFinalizerServiceComponent} -  WSO2 Carbon started in 137 sec {org.wso2.carbon.core.internal.StartupFinalizerServiceComponent}
TID: [0] [] [2014-09-24 09:35:09,297]  INFO {org.wso2.carbon.ui.internal.CarbonUIServiceComponent} -  Mgt Console URL  : https://10.22.196.10:9443/admin/carbon/ {org.wso2.carbon.ui.internal.CarbonUIServiceComponent}
TID: [0] [] [2014-09-24 09:41:15,408]  INFO {org.wso2.carbon.identity.sso.saml.ui.logout.LogoutRequestSender} -  single logout request is sent to : https://localhost:9443/store/sso.jag is returned with OK {org.wso2.carbon.identity.sso.saml.ui.logout.LogoutRequestSender}
TID: [0] [] [2014-09-24 09:41:15,408]  INFO {org.wso2.carbon.identity.sso.saml.ui.logout.LogoutRequestSender} -  single logout request is sent to : https://localhost:9443/portal/sso.jag is returned with OK {org.wso2.carbon.identity.sso.saml.ui.logout.LogoutRequestSender}
TID: [0] [] [2014-09-24 09:43:43,991]  INFO {org.wso2.carbon.identity.sso.saml.ui.logout.LogoutRequestSender} -  single logout request is sent to : https://localhost:9443/innovation-dashboard/sso is returned with OK {org.wso2.carbon.identity.sso.saml.ui.logout.LogoutRequestSender}
TID: [0] [] [2014-09-24 09:45:02,136]  INFO {org.wso2.carbon.core.init.CarbonServerManager} -  Shutdown hook triggered.... {org.wso2.carbon.core.init.CarbonServerManager}
TID: [0] [] [2014-09-24 09:45:02,143]  INFO {org.wso2.carbon.core.init.CarbonServerManager} -  Gracefully shutting down WSO2 User Engagement Server... {org.wso2.carbon.core.init.CarbonServerManager}
TID: [0] [] [2014-09-24 09:45:02,163]  INFO {org.wso2.carbon.core.ServerManagement} -  Starting to switch to maintenance mode... {org.wso2.carbon.core.ServerManagement}
TID: [0] [] [2014-09-24 09:45:04,484]  INFO {org.wso2.carbon.core.ServerManagement} -  Stopped all transport listeners {org.wso2.carbon.core.ServerManagement}
TID: [0] [] [2014-09-24 09:45:04,485]  INFO {org.wso2.carbon.core.ServerManagement} -  Waiting for request service completion... {org.wso2.carbon.core.ServerManagement}
TID: [0] [] [2014-09-24 09:45:04,532]  INFO {org.wso2.carbon.core.ServerManagement} -  All requests have been served. {org.wso2.carbon.core.ServerManagement}
TID: [0] [] [2014-09-24 09:45:04,533]  INFO {org.wso2.carbon.core.ServerManagement} -  Waiting for deployment completion... {org.wso2.carbon.core.ServerManagement}
TID: [0] [] [2014-09-24 09:45:04,791]  INFO {org.wso2.carbon.webapp.mgt.WebApplication} -  Unloaded webapp: StandardEngine[Catalina].StandardHost[localhost].StandardContext[/] {org.wso2.carbon.webapp.mgt.WebApplication}
TID: [0] [] [2014-09-24 09:45:04,805]  INFO {org.wso2.carbon.webapp.mgt.WebApplication} -  Unloaded webapp: StandardEngine[Catalina].StandardHost[localhost].StandardContext[/innovation-dashboard] {org.wso2.carbon.webapp.mgt.WebApplication}
TID: [0] [] [2014-09-24 09:45:04,866]  INFO {org.wso2.carbon.webapp.mgt.WebApplication} -  Unloaded webapp: StandardEngine[Catalina].StandardHost[localhost].StandardContext[/sso] {org.wso2.carbon.webapp.mgt.WebApplication}
TID: [0] [] [2014-09-24 09:45:04,874]  INFO {org.wso2.carbon.webapp.mgt.WebApplication} -  Unloaded webapp: StandardEngine[Catalina].StandardHost[localhost].StandardContext[/store] {org.wso2.carbon.webapp.mgt.WebApplication}
TID: [0] [] [2014-09-24 09:45:04,884]  INFO {org.wso2.carbon.webapp.mgt.WebApplication} -  Unloaded webapp: StandardEngine[Catalina].StandardHost[localhost].StandardContext[/portal] {org.wso2.carbon.webapp.mgt.WebApplication}
TID: [0] [] [2014-09-24 09:45:04,885]  INFO {org.wso2.carbon.core.ServerManagement} -  All deployment tasks have been completed. {org.wso2.carbon.core.ServerManagement}
TID: [0] [] [2014-09-24 09:45:04,885]  INFO {org.wso2.carbon.core.ServerManagement} -  Waiting for server task completion... {org.wso2.carbon.core.ServerManagement}
TID: [0] [] [2014-09-24 09:45:04,895]  INFO {org.wso2.carbon.registry.core.internal.RegistryCoreServiceComponent} -  Writing logs  {org.wso2.carbon.registry.core.internal.RegistryCoreServiceComponent}
TID: [0] [] [2014-09-24 09:45:04,897]  INFO {org.wso2.carbon.core.ServerManagement} -  All server tasks have been completed. {org.wso2.carbon.core.ServerManagement}
TID: [0] [] [2014-09-24 09:45:04,898]  INFO {org.wso2.carbon.core.init.CarbonServerManager} -  Shutting down WSO2 User Engagement Server... {org.wso2.carbon.core.init.CarbonServerManager}
TID: [0] [] [2014-09-24 09:45:04,900]  INFO {org.apache.axis2.transport.tcp.TCPTransportSender} -  TCP Sender Shutdown {org.apache.axis2.transport.tcp.TCPTransportSender}
TID: [0] [] [2014-09-24 09:45:04,900]  INFO {org.apache.axis2.transport.tcp.TCPTransportSender} -  TCP Sender Shutdown {org.apache.axis2.transport.tcp.TCPTransportSender}
TID: [0] [] [2014-09-24 09:45:04,927]  INFO {org.wso2.carbon.core.init.CarbonServerManager} -  Shutting down OSGi framework... {org.wso2.carbon.core.init.CarbonServerManager}
TID: [0] [] [2014-09-24 09:45:05,006]  INFO {org.wso2.carbon.core.init.CarbonServerManager} -  Stopping CarbonServerManager... {org.wso2.carbon.core.init.CarbonServerManager}
TID: [0] [] [2014-09-24 09:45:05,019]  INFO {org.wso2.carbon.tomcat.ext.internal.CarbonTomcatServiceComponent} -  Stopping the carbon web-app registered under : /admin {org.wso2.carbon.tomcat.ext.internal.CarbonTomcatServiceComponent}
TID: [0] [] [2014-09-24 09:45:07,251]  INFO {org.wso2.carbon.core.init.CarbonServerManager} -  Shutdown complete {org.wso2.carbon.core.init.CarbonServerManager}
TID: [0] [] [2014-09-24 09:45:07,251]  INFO {org.wso2.carbon.core.init.CarbonServerManager} -  Halting JVM {org.wso2.carbon.core.init.CarbonServerManager}
TID: [0] [] [2014-09-24 11:02:20,498]  INFO {org.wso2.carbon.core.internal.CarbonCoreActivator} -  Starting WSO2 Carbon... {org.wso2.carbon.core.internal.CarbonCoreActivator}
TID: [0] [] [2014-09-24 11:02:20,514]  INFO {org.wso2.carbon.core.internal.CarbonCoreActivator} -  Operating System : Windows 8 6.2, amd64 {org.wso2.carbon.core.internal.CarbonCoreActivator}
TID: [0] [] [2014-09-24 11:02:20,514]  INFO {org.wso2.carbon.core.internal.CarbonCoreActivator} -  Java Home        : C:\Program Files\Java\jdk1.7.0_51\jre {org.wso2.carbon.core.internal.CarbonCoreActivator}
TID: [0] [] [2014-09-24 11:02:20,514]  INFO {org.wso2.carbon.core.internal.CarbonCoreActivator} -  Java Version     : 1.7.0_51 {org.wso2.carbon.core.internal.CarbonCoreActivator}
TID: [0] [] [2014-09-24 11:02:20,514]  INFO {org.wso2.carbon.core.internal.CarbonCoreActivator} -  Java VM          : Java HotSpot(TM) 64-Bit Server VM 24.51-b03,Oracle Corporation {org.wso2.carbon.core.internal.CarbonCoreActivator}
TID: [0] [] [2014-09-24 11:02:20,514]  INFO {org.wso2.carbon.core.internal.CarbonCoreActivator} -  Carbon Home      : E:\ues2\bin\.. {org.wso2.carbon.core.internal.CarbonCoreActivator}
TID: [0] [] [2014-09-24 11:02:20,514]  INFO {org.wso2.carbon.core.internal.CarbonCoreActivator} -  Java Temp Dir    : E:\ues2\bin\..\tmp {org.wso2.carbon.core.internal.CarbonCoreActivator}
TID: [0] [] [2014-09-24 11:02:20,514]  INFO {org.wso2.carbon.core.internal.CarbonCoreActivator} -  User             : User, en-US, Asia/Colombo {org.wso2.carbon.core.internal.CarbonCoreActivator}
TID: [0] [] [2014-09-24 11:02:20,764]  WARN {org.wso2.carbon.core.bootup.validator.util.ValidationResultPrinter} -  The running OS : Windows 8 is not a tested Operating System for running WSO2 Carbon {org.wso2.carbon.core.bootup.validator.util.ValidationResultPrinter}
TID: [0] [] [2014-09-24 11:02:26,025]  INFO {org.wso2.carbon.registry.core.jdbc.EmbeddedRegistryService} -  Configured Registry in 107ms {org.wso2.carbon.registry.core.jdbc.EmbeddedRegistryService}
TID: [0] [] [2014-09-24 11:02:26,135]  INFO {org.wso2.carbon.registry.core.internal.RegistryCoreServiceComponent} -  Registry Mode    : READ-WRITE {org.wso2.carbon.registry.core.internal.RegistryCoreServiceComponent}
TID: [0] [] [2014-09-24 11:02:34,619]  INFO {org.apache.axis2.deployment.ClusterBuilder} -  Clustering has been disabled {org.apache.axis2.deployment.ClusterBuilder}
TID: [0] [] [2014-09-24 11:02:34,619]  INFO {org.apache.axis2.deployment.ClusterBuilder} -  Clustering has been disabled {org.apache.axis2.deployment.ClusterBuilder}
TID: [0] [] [2014-09-24 11:02:35,260]  INFO {org.apache.axis2.transport.tcp.TCPTransportSender} -  TCP Sender started {org.apache.axis2.transport.tcp.TCPTransportSender}
TID: [0] [] [2014-09-24 11:02:35,260]  INFO {org.apache.axis2.transport.tcp.TCPTransportSender} -  TCP Sender started {org.apache.axis2.transport.tcp.TCPTransportSender}
TID: [0] [] [2014-09-24 11:02:36,197]  INFO {org.wso2.carbon.core.deployment.DeploymentInterceptor} -  Deploying Axis2 service: echo {super-tenant} {org.wso2.carbon.core.deployment.DeploymentInterceptor}
TID: [0] [] [2014-09-24 11:02:36,838]  INFO {org.apache.axis2.deployment.DeploymentEngine} -  Deploying Web service: Echo.aar - file:/E:/ues2/bin/../repository/deployment/server/axis2services/Echo.aar {org.apache.axis2.deployment.DeploymentEngine}
TID: [0] [] [2014-09-24 11:02:36,838]  INFO {org.apache.axis2.deployment.DeploymentEngine} -  Deploying Web service: Echo.aar - file:/E:/ues2/bin/../repository/deployment/server/axis2services/Echo.aar {org.apache.axis2.deployment.DeploymentEngine}
TID: [0] [] [2014-09-24 11:02:37,322]  INFO {org.wso2.carbon.core.deployment.DeploymentInterceptor} -  Deploying Axis2 service: Version {super-tenant} {org.wso2.carbon.core.deployment.DeploymentInterceptor}
TID: [0] [] [2014-09-24 11:02:37,775]  INFO {org.apache.axis2.deployment.DeploymentEngine} -  Deploying Web service: Version.aar - file:/E:/ues2/bin/../repository/deployment/server/axis2services/Version.aar {org.apache.axis2.deployment.DeploymentEngine}
TID: [0] [] [2014-09-24 11:02:37,775]  INFO {org.apache.axis2.deployment.DeploymentEngine} -  Deploying Web service: Version.aar - file:/E:/ues2/bin/../repository/deployment/server/axis2services/Version.aar {org.apache.axis2.deployment.DeploymentEngine}
TID: [0] [] [2014-09-24 11:02:55,573]  INFO {org.apache.shiro.config.IniSecurityManagerFactory} -  Realms have been explicitly set on the SecurityManager instance - auto-setting of realms will not occur. {org.apache.shiro.config.IniSecurityManagerFactory}
TID: [0] [] [2014-09-24 11:02:55,573]  INFO {org.apache.shiro.config.IniSecurityManagerFactory} -  Realms have been explicitly set on the SecurityManager instance - auto-setting of realms will not occur. {org.apache.shiro.config.IniSecurityManagerFactory}
TID: [0] [] [2014-09-24 11:02:55,573]  INFO {org.apache.shiro.realm.AuthorizingRealm} -  No cache or cacheManager properties have been set.  Authorization cache cannot be obtained. {org.apache.shiro.realm.AuthorizingRealm}
TID: [0] [] [2014-09-24 11:02:55,573]  INFO {org.apache.shiro.realm.AuthorizingRealm} -  No cache or cacheManager properties have been set.  Authorization cache cannot be obtained. {org.apache.shiro.realm.AuthorizingRealm}
TID: [0] [] [2014-09-24 11:02:55,588]  INFO {org.wso2.carbon.webapp.mgt.TomcatGenericWebappsDeployer} -  Deployed webapp: StandardEngine[Catalina].StandardHost[localhost].StandardContext[/].File[E:\ues2\bin\..\repository\deployment\server\webapps\ROOT] {org.wso2.carbon.webapp.mgt.TomcatGenericWebappsDeployer}
TID: [0] [] [2014-09-24 11:02:57,463]  INFO {org.jaggeryjs.jaggery.app.mgt.TomcatJaggeryWebappsDeployer} -  Deployed webapp: StandardEngine[Catalina].StandardHost[localhost].StandardContext[/innovation-dashboard].File[E:\ues2\bin\..\repository\deployment\server\jaggeryapps\innovation-dashboard] {org.jaggeryjs.jaggery.app.mgt.TomcatJaggeryWebappsDeployer}
TID: [0] [] [2014-09-24 11:02:58,994]  INFO {portal.deployer} -  Default gadgets deployed {portal.deployer}
TID: [0] [] [2014-09-24 11:02:59,088]  INFO {portal.site.deployer} -  Default sites deployed {portal.site.deployer}
TID: [0] [] [2014-09-24 11:02:59,088]  INFO {org.jaggeryjs.jaggery.app.mgt.TomcatJaggeryWebappsDeployer} -  Deployed webapp: StandardEngine[Catalina].StandardHost[localhost].StandardContext[/portal].File[E:\ues2\bin\..\repository\deployment\server\jaggeryapps\portal] {org.jaggeryjs.jaggery.app.mgt.TomcatJaggeryWebappsDeployer}
TID: [0] [] [2014-09-24 11:02:59,323]  INFO {org.jaggeryjs.jaggery.app.mgt.TomcatJaggeryWebappsDeployer} -  Deployed webapp: StandardEngine[Catalina].StandardHost[localhost].StandardContext[/sso].File[E:\ues2\bin\..\repository\deployment\server\jaggeryapps\sso] {org.jaggeryjs.jaggery.app.mgt.TomcatJaggeryWebappsDeployer}
TID: [0] [] [2014-09-24 11:02:59,651]  INFO {org.jaggeryjs.jaggery.app.mgt.TomcatJaggeryWebappsDeployer} -  Deployed webapp: StandardEngine[Catalina].StandardHost[localhost].StandardContext[/store].File[E:\ues2\bin\..\repository\deployment\server\jaggeryapps\store] {org.jaggeryjs.jaggery.app.mgt.TomcatJaggeryWebappsDeployer}
TID: [0] [] [2014-09-24 11:03:00,229]  INFO {org.wso2.carbon.core.deployment.DeploymentInterceptor} -  Deploying Axis2 service: echo {super-tenant} {org.wso2.carbon.core.deployment.DeploymentInterceptor}
TID: [0] [] [2014-09-24 11:03:01,276]  INFO {org.wso2.carbon.core.deployment.DeploymentInterceptor} -  Deploying Axis2 service: Version {super-tenant} {org.wso2.carbon.core.deployment.DeploymentInterceptor}
TID: [0] [] [2014-09-24 11:03:02,385]  INFO {org.apache.axis2.deployment.ModuleDeployer} -  Deploying module: addressing-1.6.1-wso2v9 - file:/E:/ues2/bin/../repository/deployment/client/modules/addressing-1.6.1-wso2v9.mar {org.apache.axis2.deployment.ModuleDeployer}
TID: [0] [] [2014-09-24 11:03:02,385]  INFO {org.apache.axis2.deployment.ModuleDeployer} -  Deploying module: addressing-1.6.1-wso2v9 - file:/E:/ues2/bin/../repository/deployment/client/modules/addressing-1.6.1-wso2v9.mar {org.apache.axis2.deployment.ModuleDeployer}
TID: [0] [] [2014-09-24 11:03:02,385]  INFO {org.apache.axis2.transport.tcp.TCPTransportSender} -  TCP Sender started {org.apache.axis2.transport.tcp.TCPTransportSender}
TID: [0] [] [2014-09-24 11:03:02,385]  INFO {org.apache.axis2.transport.tcp.TCPTransportSender} -  TCP Sender started {org.apache.axis2.transport.tcp.TCPTransportSender}
TID: [0] [] [2014-09-24 11:03:03,463]  INFO {org.wso2.carbon.core.init.CarbonServerManager} -  Repository       : E:\ues2\bin\../repository/deployment/server/ {org.wso2.carbon.core.init.CarbonServerManager}
TID: [0] [] [2014-09-24 11:03:03,479]  INFO {org.wso2.carbon.core.internal.permission.update.PermissionUpdater} -  Permission cache updated for tenant -1234 {org.wso2.carbon.core.internal.permission.update.PermissionUpdater}
TID: [0] [] [2014-09-24 11:03:03,912]  INFO {org.wso2.carbon.core.transports.http.HttpsTransportListener} -  HTTPS port       : 9443 {org.wso2.carbon.core.transports.http.HttpsTransportListener}
TID: [0] [] [2014-09-24 11:03:03,912]  INFO {org.wso2.carbon.core.transports.http.HttpTransportListener} -  HTTP port        : 9763 {org.wso2.carbon.core.transports.http.HttpTransportListener}
TID: [0] [] [2014-09-24 11:03:04,037]  INFO {portal.site.deployer} -  UES Portal URL : http://localhost:9763/portal {portal.site.deployer}
TID: [0] [] [2014-09-24 11:03:04,568]  INFO {org.wso2.carbon.registry.eventing.internal.RegistryEventingServiceComponent} -  Successfully Initialized Eventing on Registry {org.wso2.carbon.registry.eventing.internal.RegistryEventingServiceComponent}
TID: [0] [] [2014-09-24 11:03:05,474]  INFO {org.wso2.carbon.core.init.JMXServerManager} -  JMX Service URL  : service:jmx:rmi://localhost:11111/jndi/rmi://localhost:9999/jmxrmi {org.wso2.carbon.core.init.JMXServerManager}
TID: [0] [] [2014-09-24 11:03:05,474]  INFO {org.wso2.carbon.core.internal.StartupFinalizerServiceComponent} -  Server           :  WSO2 User Engagement Server-1.0.0 {org.wso2.carbon.core.internal.StartupFinalizerServiceComponent}
TID: [0] [] [2014-09-24 11:03:05,474]  INFO {org.wso2.carbon.core.internal.StartupFinalizerServiceComponent} -  WSO2 Carbon started in 57 sec {org.wso2.carbon.core.internal.StartupFinalizerServiceComponent}
TID: [0] [] [2014-09-24 11:03:05,818]  INFO {org.wso2.carbon.ui.internal.CarbonUIServiceComponent} -  Mgt Console URL  : https://101.2.185.93:9443/admin/carbon/ {org.wso2.carbon.ui.internal.CarbonUIServiceComponent}
TID: [0] [] [2014-09-24 12:58:43,258]  INFO {org.wso2.carbon.core.init.CarbonServerManager} -  Shutdown hook triggered.... {org.wso2.carbon.core.init.CarbonServerManager}
TID: [0] [] [2014-09-24 12:58:43,258]  INFO {org.wso2.carbon.core.init.CarbonServerManager} -  Gracefully shutting down WSO2 User Engagement Server... {org.wso2.carbon.core.init.CarbonServerManager}
TID: [0] [] [2014-09-24 12:58:43,258]  INFO {org.wso2.carbon.core.ServerManagement} -  Starting to switch to maintenance mode... {org.wso2.carbon.core.ServerManagement}
TID: [0] [] [2014-09-24 12:58:46,039]  INFO {org.wso2.carbon.core.ServerManagement} -  Stopped all transport listeners {org.wso2.carbon.core.ServerManagement}
TID: [0] [] [2014-09-24 12:58:46,039]  INFO {org.wso2.carbon.core.ServerManagement} -  Waiting for request service completion... {org.wso2.carbon.core.ServerManagement}
TID: [0] [] [2014-09-24 12:58:46,070]  INFO {org.wso2.carbon.core.ServerManagement} -  All requests have been served. {org.wso2.carbon.core.ServerManagement}
TID: [0] [] [2014-09-24 12:58:46,070]  INFO {org.wso2.carbon.core.ServerManagement} -  Waiting for deployment completion... {org.wso2.carbon.core.ServerManagement}
TID: [0] [] [2014-09-24 12:58:46,133]  INFO {org.wso2.carbon.webapp.mgt.WebApplication} -  Unloaded webapp: StandardEngine[Catalina].StandardHost[localhost].StandardContext[/] {org.wso2.carbon.webapp.mgt.WebApplication}
TID: [0] [] [2014-09-24 12:58:46,164]  INFO {org.wso2.carbon.webapp.mgt.WebApplication} -  Unloaded webapp: StandardEngine[Catalina].StandardHost[localhost].StandardContext[/innovation-dashboard] {org.wso2.carbon.webapp.mgt.WebApplication}
TID: [0] [] [2014-09-24 12:58:46,179]  INFO {org.wso2.carbon.webapp.mgt.WebApplication} -  Unloaded webapp: StandardEngine[Catalina].StandardHost[localhost].StandardContext[/sso] {org.wso2.carbon.webapp.mgt.WebApplication}
TID: [0] [] [2014-09-24 12:58:46,179]  INFO {org.wso2.carbon.webapp.mgt.WebApplication} -  Unloaded webapp: StandardEngine[Catalina].StandardHost[localhost].StandardContext[/store] {org.wso2.carbon.webapp.mgt.WebApplication}
TID: [0] [] [2014-09-24 12:58:46,195]  INFO {org.wso2.carbon.webapp.mgt.WebApplication} -  Unloaded webapp: StandardEngine[Catalina].StandardHost[localhost].StandardContext[/portal] {org.wso2.carbon.webapp.mgt.WebApplication}
TID: [0] [] [2014-09-24 12:58:46,195]  INFO {org.wso2.carbon.core.ServerManagement} -  All deployment tasks have been completed. {org.wso2.carbon.core.ServerManagement}
TID: [0] [] [2014-09-24 12:58:46,195]  INFO {org.wso2.carbon.core.ServerManagement} -  Waiting for server task completion... {org.wso2.carbon.core.ServerManagement}
TID: [0] [] [2014-09-24 12:58:46,211]  INFO {org.wso2.carbon.registry.core.internal.RegistryCoreServiceComponent} -  Writing logs  {org.wso2.carbon.registry.core.internal.RegistryCoreServiceComponent}
TID: [0] [] [2014-09-24 12:58:46,211]  INFO {org.wso2.carbon.core.ServerManagement} -  All server tasks have been completed. {org.wso2.carbon.core.ServerManagement}
TID: [0] [] [2014-09-24 12:58:46,211]  INFO {org.wso2.carbon.core.init.CarbonServerManager} -  Shutting down WSO2 User Engagement Server... {org.wso2.carbon.core.init.CarbonServerManager}
TID: [0] [] [2014-09-24 12:58:46,211]  INFO {org.apache.axis2.transport.tcp.TCPTransportSender} -  TCP Sender Shutdown {org.apache.axis2.transport.tcp.TCPTransportSender}
TID: [0] [] [2014-09-24 12:58:46,211]  INFO {org.apache.axis2.transport.tcp.TCPTransportSender} -  TCP Sender Shutdown {org.apache.axis2.transport.tcp.TCPTransportSender}
TID: [0] [] [2014-09-24 12:58:46,226]  INFO {org.wso2.carbon.core.init.CarbonServerManager} -  Shutting down OSGi framework... {org.wso2.carbon.core.init.CarbonServerManager}
TID: [0] [] [2014-09-24 12:58:46,258]  INFO {org.wso2.carbon.core.init.CarbonServerManager} -  Stopping CarbonServerManager... {org.wso2.carbon.core.init.CarbonServerManager}
TID: [0] [] [2014-09-24 12:58:46,273]  INFO {org.wso2.carbon.tomcat.ext.internal.CarbonTomcatServiceComponent} -  Stopping the carbon web-app registered under : /admin {org.wso2.carbon.tomcat.ext.internal.CarbonTomcatServiceComponent}
TID: [0] [] [2014-09-24 12:58:47,726]  INFO {org.wso2.carbon.core.init.CarbonServerManager} -  Shutdown complete {org.wso2.carbon.core.init.CarbonServerManager}
TID: [0] [] [2014-09-24 12:58:47,726]  INFO {org.wso2.carbon.core.init.CarbonServerManager} -  Halting JVM {org.wso2.carbon.core.init.CarbonServerManager}
TID: [0] [] [2014-09-24 14:16:54,094]  INFO {org.wso2.carbon.core.internal.CarbonCoreActivator} -  Starting WSO2 Carbon... {org.wso2.carbon.core.internal.CarbonCoreActivator}
TID: [0] [] [2014-09-24 14:16:54,094]  INFO {org.wso2.carbon.core.internal.CarbonCoreActivator} -  Operating System : Windows 8 6.2, amd64 {org.wso2.carbon.core.internal.CarbonCoreActivator}
TID: [0] [] [2014-09-24 14:16:54,094]  INFO {org.wso2.carbon.core.internal.CarbonCoreActivator} -  Java Home        : C:\Program Files\Java\jdk1.7.0_51\jre {org.wso2.carbon.core.internal.CarbonCoreActivator}
TID: [0] [] [2014-09-24 14:16:54,094]  INFO {org.wso2.carbon.core.internal.CarbonCoreActivator} -  Java Version     : 1.7.0_51 {org.wso2.carbon.core.internal.CarbonCoreActivator}
TID: [0] [] [2014-09-24 14:16:54,094]  INFO {org.wso2.carbon.core.internal.CarbonCoreActivator} -  Java VM          : Java HotSpot(TM) 64-Bit Server VM 24.51-b03,Oracle Corporation {org.wso2.carbon.core.internal.CarbonCoreActivator}
TID: [0] [] [2014-09-24 14:16:54,094]  INFO {org.wso2.carbon.core.internal.CarbonCoreActivator} -  Carbon Home      : E:\ues2\bin\.. {org.wso2.carbon.core.internal.CarbonCoreActivator}
TID: [0] [] [2014-09-24 14:16:54,094]  INFO {org.wso2.carbon.core.internal.CarbonCoreActivator} -  Java Temp Dir    : E:\ues2\bin\..\tmp {org.wso2.carbon.core.internal.CarbonCoreActivator}
TID: [0] [] [2014-09-24 14:16:54,094]  INFO {org.wso2.carbon.core.internal.CarbonCoreActivator} -  User             : User, en-US, Asia/Colombo {org.wso2.carbon.core.internal.CarbonCoreActivator}
TID: [0] [] [2014-09-24 14:16:54,141]  WARN {org.wso2.carbon.core.bootup.validator.util.ValidationResultPrinter} -  The running OS : Windows 8 is not a tested Operating System for running WSO2 Carbon {org.wso2.carbon.core.bootup.validator.util.ValidationResultPrinter}
TID: [0] [] [2014-09-24 14:16:55,699]  INFO {org.wso2.carbon.registry.core.jdbc.EmbeddedRegistryService} -  Configured Registry in 63ms {org.wso2.carbon.registry.core.jdbc.EmbeddedRegistryService}
TID: [0] [] [2014-09-24 14:16:55,824]  INFO {org.wso2.carbon.registry.core.internal.RegistryCoreServiceComponent} -  Registry Mode    : READ-WRITE {org.wso2.carbon.registry.core.internal.RegistryCoreServiceComponent}
TID: [0] [] [2014-09-24 14:17:01,980]  INFO {org.apache.axis2.deployment.ClusterBuilder} -  Clustering has been disabled {org.apache.axis2.deployment.ClusterBuilder}
TID: [0] [] [2014-09-24 14:17:01,980]  INFO {org.apache.axis2.deployment.ClusterBuilder} -  Clustering has been disabled {org.apache.axis2.deployment.ClusterBuilder}
TID: [0] [] [2014-09-24 14:17:02,277]  INFO {org.apache.axis2.transport.tcp.TCPTransportSender} -  TCP Sender started {org.apache.axis2.transport.tcp.TCPTransportSender}
TID: [0] [] [2014-09-24 14:17:02,277]  INFO {org.apache.axis2.transport.tcp.TCPTransportSender} -  TCP Sender started {org.apache.axis2.transport.tcp.TCPTransportSender}
TID: [0] [] [2014-09-24 14:17:02,636]  INFO {org.wso2.carbon.core.deployment.DeploymentInterceptor} -  Deploying Axis2 service: echo {super-tenant} {org.wso2.carbon.core.deployment.DeploymentInterceptor}
TID: [0] [] [2014-09-24 14:17:03,199]  INFO {org.apache.axis2.deployment.DeploymentEngine} -  Deploying Web service: Echo.aar - file:/E:/ues2/bin/../repository/deployment/server/axis2services/Echo.aar {org.apache.axis2.deployment.DeploymentEngine}
TID: [0] [] [2014-09-24 14:17:03,199]  INFO {org.apache.axis2.deployment.DeploymentEngine} -  Deploying Web service: Echo.aar - file:/E:/ues2/bin/../repository/deployment/server/axis2services/Echo.aar {org.apache.axis2.deployment.DeploymentEngine}
TID: [0] [] [2014-09-24 14:17:03,261]  INFO {org.wso2.carbon.core.deployment.DeploymentInterceptor} -  Deploying Axis2 service: Version {super-tenant} {org.wso2.carbon.core.deployment.DeploymentInterceptor}
TID: [0] [] [2014-09-24 14:17:03,761]  INFO {org.apache.axis2.deployment.DeploymentEngine} -  Deploying Web service: Version.aar - file:/E:/ues2/bin/../repository/deployment/server/axis2services/Version.aar {org.apache.axis2.deployment.DeploymentEngine}
TID: [0] [] [2014-09-24 14:17:03,761]  INFO {org.apache.axis2.deployment.DeploymentEngine} -  Deploying Web service: Version.aar - file:/E:/ues2/bin/../repository/deployment/server/axis2services/Version.aar {org.apache.axis2.deployment.DeploymentEngine}
TID: [0] [] [2014-09-24 14:17:36,137]  INFO {org.apache.shiro.config.IniSecurityManagerFactory} -  Realms have been explicitly set on the SecurityManager instance - auto-setting of realms will not occur. {org.apache.shiro.config.IniSecurityManagerFactory}
TID: [0] [] [2014-09-24 14:17:36,137]  INFO {org.apache.shiro.config.IniSecurityManagerFactory} -  Realms have been explicitly set on the SecurityManager instance - auto-setting of realms will not occur. {org.apache.shiro.config.IniSecurityManagerFactory}
TID: [0] [] [2014-09-24 14:17:36,137]  INFO {org.apache.shiro.realm.AuthorizingRealm} -  No cache or cacheManager properties have been set.  Authorization cache cannot be obtained. {org.apache.shiro.realm.AuthorizingRealm}
TID: [0] [] [2014-09-24 14:17:36,137]  INFO {org.apache.shiro.realm.AuthorizingRealm} -  No cache or cacheManager properties have been set.  Authorization cache cannot be obtained. {org.apache.shiro.realm.AuthorizingRealm}
TID: [0] [] [2014-09-24 14:17:36,153]  INFO {org.wso2.carbon.webapp.mgt.TomcatGenericWebappsDeployer} -  Deployed webapp: StandardEngine[Catalina].StandardHost[localhost].StandardContext[/].File[E:\ues2\bin\..\repository\deployment\server\webapps\ROOT] {org.wso2.carbon.webapp.mgt.TomcatGenericWebappsDeployer}
TID: [0] [] [2014-09-24 14:17:37,340]  INFO {org.jaggeryjs.jaggery.app.mgt.TomcatJaggeryWebappsDeployer} -  Deployed webapp: StandardEngine[Catalina].StandardHost[localhost].StandardContext[/innovation-dashboard].File[E:\ues2\bin\..\repository\deployment\server\jaggeryapps\innovation-dashboard] {org.jaggeryjs.jaggery.app.mgt.TomcatJaggeryWebappsDeployer}
TID: [0] [] [2014-09-24 14:17:38,372]  INFO {portal.deployer} -  Default gadgets deployed {portal.deployer}
TID: [0] [] [2014-09-24 14:17:38,434]  INFO {portal.site.deployer} -  Default sites deployed {portal.site.deployer}
TID: [0] [] [2014-09-24 14:17:38,434]  INFO {org.jaggeryjs.jaggery.app.mgt.TomcatJaggeryWebappsDeployer} -  Deployed webapp: StandardEngine[Catalina].StandardHost[localhost].StandardContext[/portal].File[E:\ues2\bin\..\repository\deployment\server\jaggeryapps\portal] {org.jaggeryjs.jaggery.app.mgt.TomcatJaggeryWebappsDeployer}
TID: [0] [] [2014-09-24 14:17:38,559]  INFO {org.jaggeryjs.jaggery.app.mgt.TomcatJaggeryWebappsDeployer} -  Deployed webapp: StandardEngine[Catalina].StandardHost[localhost].StandardContext[/sso].File[E:\ues2\bin\..\repository\deployment\server\jaggeryapps\sso] {org.jaggeryjs.jaggery.app.mgt.TomcatJaggeryWebappsDeployer}
TID: [0] [] [2014-09-24 14:17:38,793]  INFO {org.jaggeryjs.jaggery.app.mgt.TomcatJaggeryWebappsDeployer} -  Deployed webapp: StandardEngine[Catalina].StandardHost[localhost].StandardContext[/store].File[E:\ues2\bin\..\repository\deployment\server\jaggeryapps\store] {org.jaggeryjs.jaggery.app.mgt.TomcatJaggeryWebappsDeployer}
TID: [0] [] [2014-09-24 14:17:39,356]  INFO {org.wso2.carbon.core.deployment.DeploymentInterceptor} -  Deploying Axis2 service: echo {super-tenant} {org.wso2.carbon.core.deployment.DeploymentInterceptor}
TID: [0] [] [2014-09-24 14:17:40,356]  INFO {org.wso2.carbon.core.deployment.DeploymentInterceptor} -  Deploying Axis2 service: Version {super-tenant} {org.wso2.carbon.core.deployment.DeploymentInterceptor}
TID: [0] [] [2014-09-24 14:17:41,403]  INFO {org.apache.axis2.deployment.ModuleDeployer} -  Deploying module: addressing-1.6.1-wso2v9 - file:/E:/ues2/bin/../repository/deployment/client/modules/addressing-1.6.1-wso2v9.mar {org.apache.axis2.deployment.ModuleDeployer}
TID: [0] [] [2014-09-24 14:17:41,403]  INFO {org.apache.axis2.deployment.ModuleDeployer} -  Deploying module: addressing-1.6.1-wso2v9 - file:/E:/ues2/bin/../repository/deployment/client/modules/addressing-1.6.1-wso2v9.mar {org.apache.axis2.deployment.ModuleDeployer}
TID: [0] [] [2014-09-24 14:17:41,403]  INFO {org.apache.axis2.transport.tcp.TCPTransportSender} -  TCP Sender started {org.apache.axis2.transport.tcp.TCPTransportSender}
TID: [0] [] [2014-09-24 14:17:41,403]  INFO {org.apache.axis2.transport.tcp.TCPTransportSender} -  TCP Sender started {org.apache.axis2.transport.tcp.TCPTransportSender}
TID: [0] [] [2014-09-24 14:17:42,481]  INFO {org.wso2.carbon.core.init.CarbonServerManager} -  Repository       : E:\ues2\bin\../repository/deployment/server/ {org.wso2.carbon.core.init.CarbonServerManager}
TID: [0] [] [2014-09-24 14:17:42,497]  INFO {org.wso2.carbon.core.internal.permission.update.PermissionUpdater} -  Permission cache updated for tenant -1234 {org.wso2.carbon.core.internal.permission.update.PermissionUpdater}
TID: [0] [] [2014-09-24 14:17:42,820]  INFO {org.wso2.carbon.core.transports.http.HttpsTransportListener} -  HTTPS port       : 9443 {org.wso2.carbon.core.transports.http.HttpsTransportListener}
TID: [0] [] [2014-09-24 14:17:42,820]  INFO {org.wso2.carbon.core.transports.http.HttpTransportListener} -  HTTP port        : 9763 {org.wso2.carbon.core.transports.http.HttpTransportListener}
TID: [0] [] [2014-09-24 14:17:43,086]  INFO {org.wso2.carbon.registry.eventing.internal.RegistryEventingServiceComponent} -  Successfully Initialized Eventing on Registry {org.wso2.carbon.registry.eventing.internal.RegistryEventingServiceComponent}
TID: [0] [] [2014-09-24 14:17:43,633]  INFO {portal.site.deployer} -  UES Portal URL : http://localhost:9763/portal {portal.site.deployer}
TID: [0] [] [2014-09-24 14:17:43,664]  INFO {org.wso2.carbon.core.init.JMXServerManager} -  JMX Service URL  : service:jmx:rmi://localhost:11111/jndi/rmi://localhost:9999/jmxrmi {org.wso2.carbon.core.init.JMXServerManager}
TID: [0] [] [2014-09-24 14:17:43,664]  INFO {org.wso2.carbon.core.internal.StartupFinalizerServiceComponent} -  Server           :  WSO2 User Engagement Server-1.0.0 {org.wso2.carbon.core.internal.StartupFinalizerServiceComponent}
TID: [0] [] [2014-09-24 14:17:43,664]  INFO {org.wso2.carbon.core.internal.StartupFinalizerServiceComponent} -  WSO2 Carbon started in 52 sec {org.wso2.carbon.core.internal.StartupFinalizerServiceComponent}
TID: [0] [] [2014-09-24 14:17:43,898]  INFO {org.wso2.carbon.ui.internal.CarbonUIServiceComponent} -  Mgt Console URL  : https://10.22.196.10:9443/admin/carbon/ {org.wso2.carbon.ui.internal.CarbonUIServiceComponent}
TID: [0] [] [2014-09-24 14:19:17,679]  INFO {org.wso2.carbon.core.init.CarbonServerManager} -  Shutdown hook triggered.... {org.wso2.carbon.core.init.CarbonServerManager}
TID: [0] [] [2014-09-24 14:19:17,682]  INFO {org.wso2.carbon.core.init.CarbonServerManager} -  Gracefully shutting down WSO2 User Engagement Server... {org.wso2.carbon.core.init.CarbonServerManager}
TID: [0] [] [2014-09-24 14:19:17,686]  INFO {org.wso2.carbon.core.ServerManagement} -  Starting to switch to maintenance mode... {org.wso2.carbon.core.ServerManagement}
TID: [0] [] [2014-09-24 14:19:19,982]  INFO {org.wso2.carbon.core.ServerManagement} -  Stopped all transport listeners {org.wso2.carbon.core.ServerManagement}
TID: [0] [] [2014-09-24 14:19:19,984]  INFO {org.wso2.carbon.core.ServerManagement} -  Waiting for request service completion... {org.wso2.carbon.core.ServerManagement}
TID: [0] [] [2014-09-24 14:19:19,990]  INFO {org.wso2.carbon.core.ServerManagement} -  All requests have been served. {org.wso2.carbon.core.ServerManagement}
TID: [0] [] [2014-09-24 14:19:19,991]  INFO {org.wso2.carbon.core.ServerManagement} -  Waiting for deployment completion... {org.wso2.carbon.core.ServerManagement}
TID: [0] [] [2014-09-24 14:19:20,076]  INFO {org.wso2.carbon.webapp.mgt.WebApplication} -  Unloaded webapp: StandardEngine[Catalina].StandardHost[localhost].StandardContext[/] {org.wso2.carbon.webapp.mgt.WebApplication}
TID: [0] [] [2014-09-24 14:19:20,104]  INFO {org.wso2.carbon.webapp.mgt.WebApplication} -  Unloaded webapp: StandardEngine[Catalina].StandardHost[localhost].StandardContext[/innovation-dashboard] {org.wso2.carbon.webapp.mgt.WebApplication}
TID: [0] [] [2014-09-24 14:19:20,116]  INFO {org.wso2.carbon.webapp.mgt.WebApplication} -  Unloaded webapp: StandardEngine[Catalina].StandardHost[localhost].StandardContext[/sso] {org.wso2.carbon.webapp.mgt.WebApplication}
TID: [0] [] [2014-09-24 14:19:20,123]  INFO {org.wso2.carbon.webapp.mgt.WebApplication} -  Unloaded webapp: StandardEngine[Catalina].StandardHost[localhost].StandardContext[/store] {org.wso2.carbon.webapp.mgt.WebApplication}
TID: [0] [] [2014-09-24 14:19:20,139]  INFO {org.wso2.carbon.webapp.mgt.WebApplication} -  Unloaded webapp: StandardEngine[Catalina].StandardHost[localhost].StandardContext[/portal] {org.wso2.carbon.webapp.mgt.WebApplication}
TID: [0] [] [2014-09-24 14:19:20,140]  INFO {org.wso2.carbon.core.ServerManagement} -  All deployment tasks have been completed. {org.wso2.carbon.core.ServerManagement}
TID: [0] [] [2014-09-24 14:19:20,140]  INFO {org.wso2.carbon.core.ServerManagement} -  Waiting for server task completion... {org.wso2.carbon.core.ServerManagement}
TID: [0] [] [2014-09-24 14:19:20,156]  INFO {org.wso2.carbon.registry.core.internal.RegistryCoreServiceComponent} -  Writing logs  {org.wso2.carbon.registry.core.internal.RegistryCoreServiceComponent}
TID: [0] [] [2014-09-24 14:19:20,157]  INFO {org.wso2.carbon.core.ServerManagement} -  All server tasks have been completed. {org.wso2.carbon.core.ServerManagement}
TID: [0] [] [2014-09-24 14:19:20,158]  INFO {org.wso2.carbon.core.init.CarbonServerManager} -  Shutting down WSO2 User Engagement Server... {org.wso2.carbon.core.init.CarbonServerManager}
TID: [0] [] [2014-09-24 14:19:20,160]  INFO {org.apache.axis2.transport.tcp.TCPTransportSender} -  TCP Sender Shutdown {org.apache.axis2.transport.tcp.TCPTransportSender}
TID: [0] [] [2014-09-24 14:19:20,160]  INFO {org.apache.axis2.transport.tcp.TCPTransportSender} -  TCP Sender Shutdown {org.apache.axis2.transport.tcp.TCPTransportSender}
TID: [0] [] [2014-09-24 14:19:20,163]  INFO {org.wso2.carbon.core.init.CarbonServerManager} -  Shutting down OSGi framework... {org.wso2.carbon.core.init.CarbonServerManager}
TID: [0] [] [2014-09-24 14:19:20,212]  INFO {org.wso2.carbon.core.init.CarbonServerManager} -  Stopping CarbonServerManager... {org.wso2.carbon.core.init.CarbonServerManager}
TID: [0] [] [2014-09-24 14:19:20,227]  INFO {org.wso2.carbon.tomcat.ext.internal.CarbonTomcatServiceComponent} -  Stopping the carbon web-app registered under : /admin {org.wso2.carbon.tomcat.ext.internal.CarbonTomcatServiceComponent}
TID: [0] [] [2014-09-24 14:19:22,062]  INFO {org.wso2.carbon.core.init.CarbonServerManager} -  Shutdown complete {org.wso2.carbon.core.init.CarbonServerManager}
TID: [0] [] [2014-09-24 14:19:22,063]  INFO {org.wso2.carbon.core.init.CarbonServerManager} -  Halting JVM {org.wso2.carbon.core.init.CarbonServerManager}
TID: [0] [] [2014-09-24 14:20:29,966]  INFO {org.wso2.carbon.core.internal.CarbonCoreActivator} -  Starting WSO2 Carbon... {org.wso2.carbon.core.internal.CarbonCoreActivator}
TID: [0] [] [2014-09-24 14:20:29,969]  INFO {org.wso2.carbon.core.internal.CarbonCoreActivator} -  Operating System : Windows 8 6.2, amd64 {org.wso2.carbon.core.internal.CarbonCoreActivator}
TID: [0] [] [2014-09-24 14:20:29,969]  INFO {org.wso2.carbon.core.internal.CarbonCoreActivator} -  Java Home        : C:\Program Files\Java\jdk1.7.0_51\jre {org.wso2.carbon.core.internal.CarbonCoreActivator}
TID: [0] [] [2014-09-24 14:20:29,969]  INFO {org.wso2.carbon.core.internal.CarbonCoreActivator} -  Java Version     : 1.7.0_51 {org.wso2.carbon.core.internal.CarbonCoreActivator}
TID: [0] [] [2014-09-24 14:20:29,970]  INFO {org.wso2.carbon.core.internal.CarbonCoreActivator} -  Java VM          : Java HotSpot(TM) 64-Bit Server VM 24.51-b03,Oracle Corporation {org.wso2.carbon.core.internal.CarbonCoreActivator}
TID: [0] [] [2014-09-24 14:20:29,970]  INFO {org.wso2.carbon.core.internal.CarbonCoreActivator} -  Carbon Home      : E:\ues2\bin\.. {org.wso2.carbon.core.internal.CarbonCoreActivator}
TID: [0] [] [2014-09-24 14:20:29,970]  INFO {org.wso2.carbon.core.internal.CarbonCoreActivator} -  Java Temp Dir    : E:\ues2\bin\..\tmp {org.wso2.carbon.core.internal.CarbonCoreActivator}
TID: [0] [] [2014-09-24 14:20:29,971]  INFO {org.wso2.carbon.core.internal.CarbonCoreActivator} -  User             : User, en-US, Asia/Colombo {org.wso2.carbon.core.internal.CarbonCoreActivator}
TID: [0] [] [2014-09-24 14:20:30,023]  WARN {org.wso2.carbon.core.bootup.validator.util.ValidationResultPrinter} -  The running OS : Windows 8 is not a tested Operating System for running WSO2 Carbon {org.wso2.carbon.core.bootup.validator.util.ValidationResultPrinter}
TID: [0] [] [2014-09-24 14:20:31,345]  INFO {org.wso2.carbon.registry.core.jdbc.EmbeddedRegistryService} -  Configured Registry in 59ms {org.wso2.carbon.registry.core.jdbc.EmbeddedRegistryService}
TID: [0] [] [2014-09-24 14:20:31,476]  INFO {org.wso2.carbon.registry.core.internal.RegistryCoreServiceComponent} -  Registry Mode    : READ-WRITE {org.wso2.carbon.registry.core.internal.RegistryCoreServiceComponent}
TID: [0] [] [2014-09-24 14:20:38,081]  INFO {org.apache.axis2.deployment.ClusterBuilder} -  Clustering has been disabled {org.apache.axis2.deployment.ClusterBuilder}
TID: [0] [] [2014-09-24 14:20:38,081]  INFO {org.apache.axis2.deployment.ClusterBuilder} -  Clustering has been disabled {org.apache.axis2.deployment.ClusterBuilder}
TID: [0] [] [2014-09-24 14:20:38,393]  INFO {org.apache.axis2.transport.tcp.TCPTransportSender} -  TCP Sender started {org.apache.axis2.transport.tcp.TCPTransportSender}
TID: [0] [] [2014-09-24 14:20:38,393]  INFO {org.apache.axis2.transport.tcp.TCPTransportSender} -  TCP Sender started {org.apache.axis2.transport.tcp.TCPTransportSender}
TID: [0] [] [2014-09-24 14:20:38,784]  INFO {org.wso2.carbon.core.deployment.DeploymentInterceptor} -  Deploying Axis2 service: echo {super-tenant} {org.wso2.carbon.core.deployment.DeploymentInterceptor}
TID: [0] [] [2014-09-24 14:20:39,331]  INFO {org.apache.axis2.deployment.DeploymentEngine} -  Deploying Web service: Echo.aar - file:/E:/ues2/bin/../repository/deployment/server/axis2services/Echo.aar {org.apache.axis2.deployment.DeploymentEngine}
TID: [0] [] [2014-09-24 14:20:39,331]  INFO {org.apache.axis2.deployment.DeploymentEngine} -  Deploying Web service: Echo.aar - file:/E:/ues2/bin/../repository/deployment/server/axis2services/Echo.aar {org.apache.axis2.deployment.DeploymentEngine}
TID: [0] [] [2014-09-24 14:20:39,409]  INFO {org.wso2.carbon.core.deployment.DeploymentInterceptor} -  Deploying Axis2 service: Version {super-tenant} {org.wso2.carbon.core.deployment.DeploymentInterceptor}
TID: [0] [] [2014-09-24 14:20:39,799]  INFO {org.apache.axis2.deployment.DeploymentEngine} -  Deploying Web service: Version.aar - file:/E:/ues2/bin/../repository/deployment/server/axis2services/Version.aar {org.apache.axis2.deployment.DeploymentEngine}
TID: [0] [] [2014-09-24 14:20:39,799]  INFO {org.apache.axis2.deployment.DeploymentEngine} -  Deploying Web service: Version.aar - file:/E:/ues2/bin/../repository/deployment/server/axis2services/Version.aar {org.apache.axis2.deployment.DeploymentEngine}
TID: [0] [] [2014-09-24 14:20:54,329]  INFO {org.apache.shiro.config.IniSecurityManagerFactory} -  Realms have been explicitly set on the SecurityManager instance - auto-setting of realms will not occur. {org.apache.shiro.config.IniSecurityManagerFactory}
TID: [0] [] [2014-09-24 14:20:54,329]  INFO {org.apache.shiro.config.IniSecurityManagerFactory} -  Realms have been explicitly set on the SecurityManager instance - auto-setting of realms will not occur. {org.apache.shiro.config.IniSecurityManagerFactory}
TID: [0] [] [2014-09-24 14:20:54,330]  INFO {org.apache.shiro.realm.AuthorizingRealm} -  No cache or cacheManager properties have been set.  Authorization cache cannot be obtained. {org.apache.shiro.realm.AuthorizingRealm}
TID: [0] [] [2014-09-24 14:20:54,330]  INFO {org.apache.shiro.realm.AuthorizingRealm} -  No cache or cacheManager properties have been set.  Authorization cache cannot be obtained. {org.apache.shiro.realm.AuthorizingRealm}
TID: [0] [] [2014-09-24 14:20:54,346]  INFO {org.wso2.carbon.webapp.mgt.TomcatGenericWebappsDeployer} -  Deployed webapp: StandardEngine[Catalina].StandardHost[localhost].StandardContext[/].File[E:\ues2\bin\..\repository\deployment\server\webapps\ROOT] {org.wso2.carbon.webapp.mgt.TomcatGenericWebappsDeployer}
TID: [0] [] [2014-09-24 14:20:55,931]  INFO {org.jaggeryjs.jaggery.app.mgt.TomcatJaggeryWebappsDeployer} -  Deployed webapp: StandardEngine[Catalina].StandardHost[localhost].StandardContext[/innovation-dashboard].File[E:\ues2\bin\..\repository\deployment\server\jaggeryapps\innovation-dashboard] {org.jaggeryjs.jaggery.app.mgt.TomcatJaggeryWebappsDeployer}
TID: [0] [] [2014-09-24 14:20:57,601]  INFO {portal.deployer} -  Default gadgets deployed {portal.deployer}
TID: [0] [] [2014-09-24 14:20:57,824]  INFO {portal.site.deployer} -  Default sites deployed {portal.site.deployer}
TID: [0] [] [2014-09-24 14:20:57,901]  INFO {org.jaggeryjs.jaggery.app.mgt.TomcatJaggeryWebappsDeployer} -  Deployed webapp: StandardEngine[Catalina].StandardHost[localhost].StandardContext[/portal].File[E:\ues2\bin\..\repository\deployment\server\jaggeryapps\portal] {org.jaggeryjs.jaggery.app.mgt.TomcatJaggeryWebappsDeployer}
TID: [0] [] [2014-09-24 14:20:58,520]  INFO {org.jaggeryjs.jaggery.app.mgt.TomcatJaggeryWebappsDeployer} -  Deployed webapp: StandardEngine[Catalina].StandardHost[localhost].StandardContext[/sso].File[E:\ues2\bin\..\repository\deployment\server\jaggeryapps\sso] {org.jaggeryjs.jaggery.app.mgt.TomcatJaggeryWebappsDeployer}
TID: [0] [] [2014-09-24 14:21:00,349]  INFO {org.jaggeryjs.jaggery.app.mgt.TomcatJaggeryWebappsDeployer} -  Deployed webapp: StandardEngine[Catalina].StandardHost[localhost].StandardContext[/store].File[E:\ues2\bin\..\repository\deployment\server\jaggeryapps\store] {org.jaggeryjs.jaggery.app.mgt.TomcatJaggeryWebappsDeployer}
TID: [0] [] [2014-09-24 14:21:02,705]  INFO {portal.site.deployer} -  UES Portal URL : http://localhost:9763/portal {portal.site.deployer}
TID: [0] [] [2014-09-24 14:21:03,050]  INFO {org.wso2.carbon.core.deployment.DeploymentInterceptor} -  Deploying Axis2 service: echo {super-tenant} {org.wso2.carbon.core.deployment.DeploymentInterceptor}
TID: [0] [] [2014-09-24 14:21:04,444]  INFO {org.wso2.carbon.core.deployment.DeploymentInterceptor} -  Deploying Axis2 service: Version {super-tenant} {org.wso2.carbon.core.deployment.DeploymentInterceptor}
TID: [0] [] [2014-09-24 14:21:05,670]  INFO {org.apache.axis2.deployment.ModuleDeployer} -  Deploying module: addressing-1.6.1-wso2v9 - file:/E:/ues2/bin/../repository/deployment/client/modules/addressing-1.6.1-wso2v9.mar {org.apache.axis2.deployment.ModuleDeployer}
TID: [0] [] [2014-09-24 14:21:05,670]  INFO {org.apache.axis2.deployment.ModuleDeployer} -  Deploying module: addressing-1.6.1-wso2v9 - file:/E:/ues2/bin/../repository/deployment/client/modules/addressing-1.6.1-wso2v9.mar {org.apache.axis2.deployment.ModuleDeployer}
TID: [0] [] [2014-09-24 14:21:05,674]  INFO {org.apache.axis2.transport.tcp.TCPTransportSender} -  TCP Sender started {org.apache.axis2.transport.tcp.TCPTransportSender}
TID: [0] [] [2014-09-24 14:21:05,674]  INFO {org.apache.axis2.transport.tcp.TCPTransportSender} -  TCP Sender started {org.apache.axis2.transport.tcp.TCPTransportSender}
TID: [0] [] [2014-09-24 14:21:08,254]  INFO {org.wso2.carbon.core.init.CarbonServerManager} -  Repository       : E:\ues2\bin\../repository/deployment/server/ {org.wso2.carbon.core.init.CarbonServerManager}
TID: [0] [] [2014-09-24 14:21:08,371]  INFO {org.wso2.carbon.core.internal.permission.update.PermissionUpdater} -  Permission cache updated for tenant -1234 {org.wso2.carbon.core.internal.permission.update.PermissionUpdater}
TID: [0] [] [2014-09-24 14:21:08,950]  INFO {org.wso2.carbon.core.transports.http.HttpsTransportListener} -  HTTPS port       : 9443 {org.wso2.carbon.core.transports.http.HttpsTransportListener}
TID: [0] [] [2014-09-24 14:21:08,951]  INFO {org.wso2.carbon.core.transports.http.HttpTransportListener} -  HTTP port        : 9763 {org.wso2.carbon.core.transports.http.HttpTransportListener}
TID: [0] [] [2014-09-24 14:21:09,197]  INFO {org.wso2.carbon.registry.eventing.internal.RegistryEventingServiceComponent} -  Successfully Initialized Eventing on Registry {org.wso2.carbon.registry.eventing.internal.RegistryEventingServiceComponent}
TID: [0] [] [2014-09-24 14:21:10,165]  INFO {org.wso2.carbon.core.init.JMXServerManager} -  JMX Service URL  : service:jmx:rmi://localhost:11111/jndi/rmi://localhost:9999/jmxrmi {org.wso2.carbon.core.init.JMXServerManager}
TID: [0] [] [2014-09-24 14:21:10,165]  INFO {org.wso2.carbon.core.internal.StartupFinalizerServiceComponent} -  Server           :  WSO2 User Engagement Server-1.0.0 {org.wso2.carbon.core.internal.StartupFinalizerServiceComponent}
TID: [0] [] [2014-09-24 14:21:10,166]  INFO {org.wso2.carbon.core.internal.StartupFinalizerServiceComponent} -  WSO2 Carbon started in 43 sec {org.wso2.carbon.core.internal.StartupFinalizerServiceComponent}
TID: [0] [] [2014-09-24 14:21:10,467]  INFO {org.wso2.carbon.ui.internal.CarbonUIServiceComponent} -  Mgt Console URL  : https://10.22.196.10:9443/admin/carbon/ {org.wso2.carbon.ui.internal.CarbonUIServiceComponent}
TID: [0] [] [2014-09-24 14:33:51,772]  INFO {org.wso2.carbon.identity.sso.saml.ui.logout.LogoutRequestSender} -  single logout request is sent to : https://localhost:9443/portal/sso.jag is returned with OK {org.wso2.carbon.identity.sso.saml.ui.logout.LogoutRequestSender}
TID: [0] [] [2014-09-24 17:42:41,465]  INFO {org.wso2.carbon.core.init.CarbonServerManager} -  Shutdown hook triggered.... {org.wso2.carbon.core.init.CarbonServerManager}
TID: [0] [] [2014-09-24 17:42:41,470]  INFO {org.wso2.carbon.core.init.CarbonServerManager} -  Gracefully shutting down WSO2 User Engagement Server... {org.wso2.carbon.core.init.CarbonServerManager}
TID: [0] [] [2014-09-24 17:42:41,476]  INFO {org.wso2.carbon.core.ServerManagement} -  Starting to switch to maintenance mode... {org.wso2.carbon.core.ServerManagement}
TID: [0] [] [2014-09-24 17:42:43,650]  INFO {org.wso2.carbon.core.ServerManagement} -  Stopped all transport listeners {org.wso2.carbon.core.ServerManagement}
TID: [0] [] [2014-09-24 17:42:43,652]  INFO {org.wso2.carbon.core.ServerManagement} -  Waiting for request service completion... {org.wso2.carbon.core.ServerManagement}
TID: [0] [] [2014-09-24 17:42:43,687]  INFO {org.wso2.carbon.core.ServerManagement} -  All requests have been served. {org.wso2.carbon.core.ServerManagement}
TID: [0] [] [2014-09-24 17:42:43,688]  INFO {org.wso2.carbon.core.ServerManagement} -  Waiting for deployment completion... {org.wso2.carbon.core.ServerManagement}
TID: [0] [] [2014-09-24 17:42:44,139]  INFO {org.wso2.carbon.webapp.mgt.WebApplication} -  Unloaded webapp: StandardEngine[Catalina].StandardHost[localhost].StandardContext[/] {org.wso2.carbon.webapp.mgt.WebApplication}
TID: [0] [] [2014-09-24 17:42:44,156]  INFO {org.wso2.carbon.webapp.mgt.WebApplication} -  Unloaded webapp: StandardEngine[Catalina].StandardHost[localhost].StandardContext[/innovation-dashboard] {org.wso2.carbon.webapp.mgt.WebApplication}
TID: [0] [] [2014-09-24 17:42:44,185]  INFO {org.wso2.carbon.webapp.mgt.WebApplication} -  Unloaded webapp: StandardEngine[Catalina].StandardHost[localhost].StandardContext[/sso] {org.wso2.carbon.webapp.mgt.WebApplication}
TID: [0] [] [2014-09-24 17:42:44,193]  INFO {org.wso2.carbon.webapp.mgt.WebApplication} -  Unloaded webapp: StandardEngine[Catalina].StandardHost[localhost].StandardContext[/store] {org.wso2.carbon.webapp.mgt.WebApplication}
TID: [0] [] [2014-09-24 17:42:44,200]  INFO {org.wso2.carbon.webapp.mgt.WebApplication} -  Unloaded webapp: StandardEngine[Catalina].StandardHost[localhost].StandardContext[/portal] {org.wso2.carbon.webapp.mgt.WebApplication}
TID: [0] [] [2014-09-24 17:42:44,200]  INFO {org.wso2.carbon.core.ServerManagement} -  All deployment tasks have been completed. {org.wso2.carbon.core.ServerManagement}
TID: [0] [] [2014-09-24 17:42:44,201]  INFO {org.wso2.carbon.core.ServerManagement} -  Waiting for server task completion... {org.wso2.carbon.core.ServerManagement}
TID: [0] [] [2014-09-24 17:42:44,223]  INFO {org.wso2.carbon.core.ServerManagement} -  All server tasks have been completed. {org.wso2.carbon.core.ServerManagement}
TID: [0] [] [2014-09-24 17:42:44,224]  INFO {org.wso2.carbon.core.init.CarbonServerManager} -  Shutting down WSO2 User Engagement Server... {org.wso2.carbon.core.init.CarbonServerManager}
TID: [0] [] [2014-09-24 17:42:44,225]  INFO {org.apache.axis2.transport.tcp.TCPTransportSender} -  TCP Sender Shutdown {org.apache.axis2.transport.tcp.TCPTransportSender}
TID: [0] [] [2014-09-24 17:42:44,225]  INFO {org.apache.axis2.transport.tcp.TCPTransportSender} -  TCP Sender Shutdown {org.apache.axis2.transport.tcp.TCPTransportSender}
TID: [0] [] [2014-09-24 17:42:44,254]  INFO {org.wso2.carbon.core.init.CarbonServerManager} -  Shutting down OSGi framework... {org.wso2.carbon.core.init.CarbonServerManager}
TID: [0] [] [2014-09-24 17:42:44,304]  INFO {org.wso2.carbon.core.init.CarbonServerManager} -  Stopping CarbonServerManager... {org.wso2.carbon.core.init.CarbonServerManager}
TID: [0] [] [2014-09-24 17:42:44,330]  INFO {org.wso2.carbon.tomcat.ext.internal.CarbonTomcatServiceComponent} -  Stopping the carbon web-app registered under : /admin {org.wso2.carbon.tomcat.ext.internal.CarbonTomcatServiceComponent}
TID: [0] [] [2014-09-24 17:42:45,788]  INFO {org.wso2.carbon.core.init.CarbonServerManager} -  Shutdown complete {org.wso2.carbon.core.init.CarbonServerManager}
TID: [0] [] [2014-09-24 17:42:45,788]  INFO {org.wso2.carbon.core.init.CarbonServerManager} -  Halting JVM {org.wso2.carbon.core.init.CarbonServerManager}
